other
- updated CEPatch for in-development version of CE;

4.1.revamp.5.7
- diplaying buttons on icon restricted me from adding some extra options, so I've done some changes;
- removed button icons from slots;
- added context menu (r-click) to slots;
- added an option to (un)force clothes individually;
- added "locked" (by quest) icon;
- made so slot icons are arranged in direct order;
- made some changes so it's easier to mod in icons and new options for context menu;

4.1.revamp.5.6
- new slot for jaw/mouth (clothmask aka facemask);

4.1.revamp.5.5
- 1.4 update. With biotech coming out, I have no clue, how it gonna hold...

4.1.revamp.5.4
- armor breakdown based on body part would show incorrecnt values if armor pieces had values over 100%;

4.1.revamp.5.3
- more patches for CE integration backward support;

4.1.revamp.5.2
- patches for CE integration;

4.1.revamp.5.1
- chinese simplified updated by gaogzs;

4.1.revamp.5
- chinese simplified actualized by wycaca;
- dealt with Texture2D warning;

4.1.revamp.4
- added an option to use 2px thick quality borders;

4.1.revamp.3
- updated locked slots due multi-sloted apparel to work better with alien races, actual items are now higher priority than "locks";

4.1.revamp.2
- updated CEPatch according to changes in CE;

4.1.revamp.1
- broke 1.2 by accident. Separated defs for 1.2 and 1.3 so they don't affect each other;
- removed 1.0 and 1.1 support. You have an original mod for that;
- instead of replacing "head eyes", made new slot for "eye cover". Renamed "head eyes" to "overhead eyes";

4.1.revamp.0
- replaced custom slot "head eyes" (layer "overhead" with left and right eye coverage) with "eyes" (layer "cover eyes") which was added with latest patch;
- you can now see when large apparel takes multiple slots (according to human body);
- now if there is overlapping apparel, overlapping items go into unsloted list;
- made a mass tooltip to look like a bar;
- added new buttons for colonist model: show/hide headgear and rotate;